<?xml version="1.0" encoding="UTF-8"?>
<!-- Generated by org.testng.reporters.JUnitReportReporter -->
<testsuite skipped="0" hostname="LAPTOP-U19AQ092" name="com.login.Demo" tests="1" failures="0" timestamp="2020-07-04T10:06:29 IST" time="0.016" errors="0">
  <testcase name="runTest" time="0.016" classname="com.login.Demo"/>
  <system-out>
test running successfully  </system-out>
</testsuite> <!-- com.login.Demo -->
